<?xml version="1.0" encoding="UTF-8"?>
<testsuite xmlns:xsi="http://www.w3.org/2001/XMLSchema-instance" xsi:noNamespaceSchemaLocation="https://maven.apache.org/surefire/maven-surefire-plugin/xsd/surefire-test-report-3.0.xsd" version="3.0" name="co.edu.unbosque.PenaCalculadoraIpv4ApplicationTests" time="2.557" tests="1" errors="0" skipped="0" failures="0">
  <properties>
[...]
</properties>
  <testcase name="contextLoads" classname="co.edu.unbosque.PenaCalculadoraIpv4ApplicationTests" time="0.649">
    <system-out><![CDATA[22:02:14.636 [main] INFO org.springframework.test.context.support.AnnotationConfigContextLoaderUtils -- Could not detect default configuration classes for test class [co.edu.unbosque.PenaCalculadoraIpv4ApplicationTests]: PenaCalculadoraIpv4ApplicationTests does not declare any static, non-private, non-final, nested classes annotated with @Configuration.
22:02:14.735 [main] INFO org.springframework.boot.test.context.SpringBootTestContextBootstrapper -- Found @SpringBootConfiguration co.edu.unbosque.PenaCalculadoraIpv4Application for test class co.edu.unbosque.PenaCalculadoraIpv4ApplicationTests
22:02:14.908 [main] INFO org.springframework.boot.devtools.restart.RestartApplicationListener -- Restart disabled due to context in which it is running

  .   ____          _            __ _ _
 /\\ / ___'_ __ _ _(_)_ __  __ _ \ \ \ \
( ( )\___ | '_ | '_| | '_ \/ _` | \ \ \ \
 \\/  ___)| |_)| | | | | || (_| |  ) ) ) )
  '  |____| .__|_| |_|_| |_\__, | / / / /
 =========|_|==============|___/=/_/_/_/

 :: Spring Boot ::                (v3.3.4)

2024-10-23T22:02:15.145-05:00  INFO 20416 --- [Pena-CalculadoraIpv4] [           main] .e.u.PenaCalculadoraIpv4ApplicationTests : Starting PenaCalculadoraIpv4ApplicationTests using Java 21.0.4 with PID 20416 (started by HP Victus in C:\Users\HP Victus\Documents\PROYECTOS-S6\Git\CalculadoraIPv4\Pena-CalculadoraIpv4)
2024-10-23T22:02:15.147-05:00  INFO 20416 --- [Pena-CalculadoraIpv4] [           main] .e.u.PenaCalculadoraIpv4ApplicationTests : No active profile set, falling back to 1 default profile: "default"
2024-10-23T22:02:16.020-05:00  INFO 20416 --- [Pena-CalculadoraIpv4] [           main] o.s.b.a.w.s.WelcomePageHandlerMapping    : Adding welcome page template: index
2024-10-23T22:02:16.346-05:00  INFO 20416 --- [Pena-CalculadoraIpv4] [           main] .e.u.PenaCalculadoraIpv4ApplicationTests : Started PenaCalculadoraIpv4ApplicationTests in 1.455 seconds (process running for 2.394)
]]></system-out>
    <system-err><![CDATA[WARNING: A Java agent has been loaded dynamically (C:\Users\HP Victus\.m2\repository\net\bytebuddy\byte-buddy-agent\1.14.19\byte-buddy-agent-1.14.19.jar)
WARNING: If a serviceability tool is in use, please run with -XX:+EnableDynamicAgentLoading to hide this warning
WARNING: If a serviceability tool is not in use, please run with -Djdk.instrument.traceUsage for more information
WARNING: Dynamic loading of agents will be disallowed by default in a future release
]]></system-err>
  </testcase>
</testsuite>